0 info it worked if it ends with ok
1 verbose cli [ 'node',
1 verbose cli   '/usr/local/bin/npm',
1 verbose cli   'install',
1 verbose cli   'node-keyboard',
1 verbose cli   '--save' ]
2 info using npm@2.9.0
3 info using node@v0.12.2
4 verbose install initial load of /Users/Arthur/Code/BuildBrighton/acs-pi/package.json
5 warn package.json bbacs-pi-test@0.0.3 No repository field.
6 warn package.json bbacs-pi-test@0.0.3 No README data
7 verbose installManyTop reading scoped package data from /Users/Arthur/Code/BuildBrighton/acs-pi/node_modules/pouchdb/package.json
8 verbose installManyTop reading scoped package data from /Users/Arthur/Code/BuildBrighton/acs-pi/node_modules/request/package.json
9 verbose installManyTop reading scoped package data from /Users/Arthur/Code/BuildBrighton/acs-pi/node_modules/rpi-gpio/package.json
10 verbose installManyTop reading scoped package data from /Users/Arthur/Code/BuildBrighton/acs-pi/node_modules/serialport/package.json
11 verbose readDependencies loading dependencies from /Users/Arthur/Code/BuildBrighton/acs-pi/package.json
12 silly cache add args [ 'node-keyboard', null ]
13 verbose cache add spec node-keyboard
14 silly cache add parsed spec { raw: 'node-keyboard',
14 silly cache add   scope: null,
14 silly cache add   name: 'node-keyboard',
14 silly cache add   rawSpec: '',
14 silly cache add   spec: '*',
14 silly cache add   type: 'range' }
15 silly addNamed node-keyboard@*
16 verbose addNamed "*" is a valid semver range for node-keyboard
17 silly addNameRange { name: 'node-keyboard', range: '*', hasData: false }
18 silly mapToRegistry name node-keyboard
19 silly mapToRegistry using default registry
20 silly mapToRegistry registry https://registry.npmjs.org/
21 silly mapToRegistry uri https://registry.npmjs.org/node-keyboard
22 verbose addNameRange registry:https://registry.npmjs.org/node-keyboard not in flight; fetching
23 verbose request uri https://registry.npmjs.org/node-keyboard
24 verbose request no auth needed
25 info attempt registry request try #1 at 10:11:27 PM
26 verbose request using bearer token for auth
27 verbose request id 409bac36b1281ca4
28 http request GET https://registry.npmjs.org/node-keyboard
29 http 404 https://registry.npmjs.org/node-keyboard
30 verbose headers { 'content-type': 'application/json',
30 verbose headers   'cache-control': 'max-age=0',
30 verbose headers   'content-length': '2',
30 verbose headers   'accept-ranges': 'bytes',
30 verbose headers   date: 'Thu, 29 Oct 2015 22:11:27 GMT',
30 verbose headers   via: '1.1 varnish',
30 verbose headers   connection: 'keep-alive',
30 verbose headers   'x-served-by': 'cache-ams4125-AMS',
30 verbose headers   'x-cache': 'MISS',
30 verbose headers   'x-cache-hits': '0',
30 verbose headers   'x-timer': 'S1446156687.406523,VS0,VE99' }
31 silly get cb [ 404,
31 silly get   { 'content-type': 'application/json',
31 silly get     'cache-control': 'max-age=0',
31 silly get     'content-length': '2',
31 silly get     'accept-ranges': 'bytes',
31 silly get     date: 'Thu, 29 Oct 2015 22:11:27 GMT',
31 silly get     via: '1.1 varnish',
31 silly get     connection: 'keep-alive',
31 silly get     'x-served-by': 'cache-ams4125-AMS',
31 silly get     'x-cache': 'MISS',
31 silly get     'x-cache-hits': '0',
31 silly get     'x-timer': 'S1446156687.406523,VS0,VE99' } ]
32 verbose stack Error: Registry returned 404 for GET on https://registry.npmjs.org/node-keyboard
32 verbose stack     at CachingRegistryClient.<anonymous> (/usr/local/lib/node_modules/npm/node_modules/npm-registry-client/lib/request.js:239:14)
32 verbose stack     at Request._callback (/usr/local/lib/node_modules/npm/node_modules/npm-registry-client/lib/request.js:170:14)
32 verbose stack     at Request.self.callback (/usr/local/lib/node_modules/npm/node_modules/request/request.js:368:22)
32 verbose stack     at Request.emit (events.js:110:17)
32 verbose stack     at Request.<anonymous> (/usr/local/lib/node_modules/npm/node_modules/request/request.js:1219:14)
32 verbose stack     at Request.emit (events.js:129:20)
32 verbose stack     at IncomingMessage.<anonymous> (/usr/local/lib/node_modules/npm/node_modules/request/request.js:1167:12)
32 verbose stack     at IncomingMessage.emit (events.js:129:20)
32 verbose stack     at _stream_readable.js:908:16
32 verbose stack     at process._tickCallback (node.js:355:11)
33 verbose statusCode 404
34 verbose pkgid node-keyboard
35 verbose cwd /Users/Arthur/Code/BuildBrighton/acs-pi
36 error Darwin 14.5.0
37 error argv "node" "/usr/local/bin/npm" "install" "node-keyboard" "--save"
38 error node v0.12.2
39 error npm  v2.9.0
40 error code E404
41 error 404 Registry returned 404 for GET on https://registry.npmjs.org/node-keyboard
41 error 404
41 error 404 'node-keyboard' is not in the npm registry.
41 error 404 You should bug the author to publish it (or use the name yourself!)
41 error 404 It was specified as a dependency of 'bbacs-pi-test'
41 error 404
41 error 404 Note that you can also install from a
41 error 404 tarball, folder, http url, or git url.
42 verbose exit [ 1, true ]
